1682346206769	geckodriver	INFO	Listening on 127.0.0.1:56072
1682346209845	mozrunner::runner	INFO	Running command: "C:\\Program Files\\Mozilla Firefox\\firefox.exe" "--marionette" "--remote-debugging-port" "56073" "--remote-allow-hosts" "localhost" "-no-remote" "-profile" "C:\\Users\\ACER\\AppData\\Local\\Temp\\rust_mozprofileq7mHD5"
1682346863823	geckodriver	INFO	Listening on 127.0.0.1:56385
1682346866873	mozrunner::runner	INFO	Running command: "C:\\Program Files\\Mozilla Firefox\\firefox.exe" "--marionette" "--remote-debugging-port" "56386" "--remote-allow-hosts" "localhost" "-no-remote" "-profile" "C:\\Users\\ACER\\AppData\\Local\\Temp\\rust_mozprofilevRc7oW"
1682346867299	Marionette	INFO	Marionette enabled
Dynamically enable window occlusion 0
1682346867305	Marionette	INFO	Listening on port 56396
Read port: 56396
WebDriver BiDi listening on ws://127.0.0.1:56386
1682346867457	RemoteAgent	WARN	TLS certificate errors will be ignored for this session
console.warn: SearchSettings: "get: No settings file exists, new profile?" (new NotFoundError("Could not open the file at C:\\Users\\ACER\\AppData\\Local\\Temp\\rust_mozprofilevRc7oW\\search.json.mozlz4", (void 0)))
DevTools listening on ws://127.0.0.1:56386/devtools/browser/4becb927-fe92-430c-94cf-08df0570b18c
JavaScript warning: https://admin-demo.nopcommerce.com/cdn-cgi/challenge-platform/h/b/orchestrate/managed/v1?ray=7bcf1141ff4422fb line 1 > Function, line 3: WEBGL_debug_renderer_info is deprecated in Firefox and will be removed. Please use RENDERER.
JavaScript warning: https://challenges.cloudflare.com/cdn-cgi/challenge-platform/h/b/orchestrate/chl_api/v1?ray=7bcf114b29a977b0 line 1 > Function, line 3: WEBGL_debug_renderer_info is deprecated in Firefox and will be removed. Please use RENDERER.
console.error: (new TypeError("lazy.AsyncShutdown.profileBeforeChange is undefined", "resource://services-settings/Database.jsm", 510))
JavaScript warning: https://admin-demo.nopcommerce.com/cdn-cgi/challenge-platform/h/b/orchestrate/managed/v1?ray=7bcf11b45d0b77bf line 1 > Function, line 3: WEBGL_debug_renderer_info is deprecated in Firefox and will be removed. Please use RENDERER.
JavaScript warning: https://challenges.cloudflare.com/cdn-cgi/challenge-platform/h/b/orchestrate/chl_api/v1?ray=7bcf11ba1d9477b9 line 1 > Function, line 3: WEBGL_debug_renderer_info is deprecated in Firefox and will be removed. Please use RENDERER.
console.error: (new TypeError("lazy.AsyncShutdown.profileBeforeChange is undefined", "resource://services-settings/Database.jsm", 510))
JavaScript error: resource://gre/modules/AsyncShutdown.jsm, line 572: NotFoundError: No such JSWindowActor 'DevToolsFrame'
JavaScript error: resource://gre/modules/AsyncShutdown.jsm, line 572: NotFoundError: No such JSWindowActor 'DevToolsFrame'
1682346973734	Marionette	INFO	Stopped listening on port 56396
Dynamically enable window occlusion 1
1682347105315	geckodriver	INFO	Listening on 127.0.0.1:56527
1682347108333	mozrunner::runner	INFO	Running command: "C:\\Program Files\\Mozilla Firefox\\firefox.exe" "--marionette" "--remote-debugging-port" "56528" "--remote-allow-hosts" "localhost" "-no-remote" "-profile" "C:\\Users\\ACER\\AppData\\Local\\Temp\\rust_mozprofileWB5iQU"
1682347108786	Marionette	INFO	Marionette enabled
Dynamically enable window occlusion 0
1682347108792	Marionette	INFO	Listening on port 56535
Read port: 56535
WebDriver BiDi listening on ws://127.0.0.1:56528
1682347108971	RemoteAgent	WARN	TLS certificate errors will be ignored for this session
console.warn: SearchSettings: "get: No settings file exists, new profile?" (new NotFoundError("Could not open the file at C:\\Users\\ACER\\AppData\\Local\\Temp\\rust_mozprofileWB5iQU\\search.json.mozlz4", (void 0)))
DevTools listening on ws://127.0.0.1:56528/devtools/browser/68ce7d34-f4db-4b53-bb7b-bf4c27dd1b00
JavaScript warning: https://admin-demo.nopcommerce.com/cdn-cgi/challenge-platform/h/b/orchestrate/managed/v1?ray=7bcf172678e92d30 line 1 > Function, line 3: WEBGL_debug_renderer_info is deprecated in Firefox and will be removed. Please use RENDERER.
JavaScript warning: https://challenges.cloudflare.com/cdn-cgi/challenge-platform/h/b/orchestrate/chl_api/v1?ray=7bcf172f098377bf line 1 > Function, line 3: WEBGL_debug_renderer_info is deprecated in Firefox and will be removed. Please use RENDERER.
JavaScript warning: https://admin-demo.nopcommerce.com/cdn-cgi/challenge-platform/h/b/orchestrate/managed/v1?ray=7bcf1a3198d077a4 line 1 > Function, line 3: WEBGL_debug_renderer_info is deprecated in Firefox and will be removed. Please use RENDERER.
JavaScript warning: https://challenges.cloudflare.com/cdn-cgi/challenge-platform/h/b/orchestrate/chl_api/v1?ray=7bcf1a415c7824a1 line 1 > Function, line 3: WEBGL_debug_renderer_info is deprecated in Firefox and will be removed. Please use RENDERER.
JavaScript warning: https://admin-demo.nopcommerce.com/cdn-cgi/challenge-platform/h/b/orchestrate/managed/v1?ray=7bcf1d565b2522f5 line 1 > Function, line 3: WEBGL_debug_renderer_info is deprecated in Firefox and will be removed. Please use RENDERER.
JavaScript warning: https://challenges.cloudflare.com/cdn-cgi/challenge-platform/h/b/orchestrate/chl_api/v1?ray=7bcf1d832ce82d73 line 1 > Function, line 3: WEBGL_debug_renderer_info is deprecated in Firefox and will be removed. Please use RENDERER.
[GFX1-]: Unrecognized feature ACCELERATED_CANVAS2D
JavaScript warning: https://admin-demo.nopcommerce.com/cdn-cgi/challenge-platform/h/b/orchestrate/managed/v1?ray=7bcf20aedf1877aa, line 1: WEBGL_debug_renderer_info is deprecated in Firefox and will be removed. Please use RENDERER.
JavaScript warning: https://challenges.cloudflare.com/cdn-cgi/challenge-platform/h/b/orchestrate/chl_api/v1?ray=7bcf20c4e8b12d43 line 1 > Function, line 3: WEBGL_debug_renderer_info is deprecated in Firefox and will be removed. Please use RENDERER.
JavaScript warning: https://admin-demo.nopcommerce.com/cdn-cgi/challenge-platform/h/b/orchestrate/managed/v1?ray=7bcf241f4a5277a4 line 1 > Function, line 3: WEBGL_debug_renderer_info is deprecated in Firefox and will be removed. Please use RENDERER.
JavaScript warning: https://challenges.cloudflare.com/cdn-cgi/challenge-platform/h/b/orchestrate/chl_api/v1?ray=7bcf2441d96622fb line 1 > Function, line 3: WEBGL_debug_renderer_info is deprecated in Firefox and will be removed. Please use RENDERER.
JavaScript warning: https://admin-demo.nopcommerce.com/cdn-cgi/challenge-platform/h/b/orchestrate/managed/v1?ray=7bcf2799c81077a4 line 1 > Function, line 3: WEBGL_debug_renderer_info is deprecated in Firefox and will be removed. Please use RENDERER.
JavaScript warning: https://challenges.cloudflare.com/cdn-cgi/challenge-platform/h/b/orchestrate/chl_api/v1?ray=7bcf27b60d3c22fb line 1 > Function, line 3: WEBGL_debug_renderer_info is deprecated in Firefox and will be removed. Please use RENDERER.
JavaScript warning: https://admin-demo.nopcommerce.com/cdn-cgi/challenge-platform/h/b/orchestrate/managed/v1?ray=7bcf2b0e68ea77a4 line 1 > Function, line 3: WEBGL_debug_renderer_info is deprecated in Firefox and will be removed. Please use RENDERER.
JavaScript warning: https://challenges.cloudflare.com/cdn-cgi/challenge-platform/h/b/orchestrate/chl_api/v1?ray=7bcf2b2b2eae22fb line 1 > Function, line 3: WEBGL_debug_renderer_info is deprecated in Firefox and will be removed. Please use RENDERER.
JavaScript warning: https://admin-demo.nopcommerce.com/cdn-cgi/challenge-platform/h/b/orchestrate/managed/v1?ray=7bcf2e7fc87577a4 line 1 > Function, line 3: WEBGL_debug_renderer_info is deprecated in Firefox and will be removed. Please use RENDERER.
JavaScript warning: https://challenges.cloudflare.com/cdn-cgi/challenge-platform/h/b/orchestrate/chl_api/v1?ray=7bcf2e99d88922fb line 1 > Function, line 3: WEBGL_debug_renderer_info is deprecated in Firefox and will be removed. Please use RENDERER.
/modules/TelemetryControllerParent.jsm:940:31
shutdown/<@resource://gre/modules/TelemetryControllerParent.jsm:1010:24
observe@resource://gre/modules/AsyncShutdown.jsm:572:16

WARNING: A blocker encountered an error while we were waiting.
          Blocker:  Waiting for ping task
          Phase: TelemetryController: Waiting for pending ping activity
          State: (none)
WARNING: Error: Phase "profile-before-change" is finished, it is too late to register completion condition "OS.File: flush I/O queued before profileBeforeChange"
WARNING: addBlocker@resource://gre/modules/AsyncShutdown.jsm:718:15
addBlocker@resource://gre/modules/AsyncShutdown.jsm:523:26
addBlocker@resource://gre/modules/AsyncShutdown.jsm:462:15
setupShutdown@resource://gre/modules/osfile/osfile_async_front.jsm:1548:28
@resource://gre/modules/osfile/osfile_async_front.jsm:1568:16
@resource://gre/modules/osfile.jsm:12:30
@resource://gre/modules/TelemetryStorage.jsm:19:28
promiseArchivePing@resource://gre/modules/TelemetryArchive.jsm:103:5
promiseArchivePing@resource://gre/modules/TelemetryArchive.jsm:63:33
_submitPingLogic@resource://gre/modules/TelemetryControllerParent.jsm:540:48
send@resource://gre/modules/TelemetryControllerParent.jsm:628:24
submitExternalPing@resource://gre/modules/TelemetryControllerParent.jsm:182:17
saveShutdownPings@resource://gre/modules/TelemetrySession.jsm:982:34
shutdownChromeProcess/cleanup/<@resource://gre/modules/TelemetrySession.jsm:1232:20
cleanup@resource://gre/modules/TelemetrySession.jsm:1239:9
shutdownChromeProcess@resource://gre/modules/TelemetrySession.jsm:1256:14
shutdown@resource://gre/modules/TelemetrySession.jsm:247:17
_cleanupOnShutdown@resource://gre/modules/TelemetryControllerParent.jsm:959:35
observe@resource://gre/modules/AsyncShutdown.jsm:572:16

WARNING: A blocker encountered an error while we were waiting.
          Blocker:  Waiting for ping task
          Phase: TelemetryController: Waiting for pending ping activity
          State: (none)
WARNING: Error: Phase "profile-before-change" is finished, it is too late to register completion condition "OS.File: flush I/O queued before profileBeforeChange"
WARNING: addBlocker@resource://gre/modules/AsyncShutdown.jsm:718:15
addBlocker@resource://gre/modules/AsyncShutdown.jsm:523:26
addBlocker@resource://gre/modules/AsyncShutdown.jsm:462:15
setupShutdown@resource://gre/modules/osfile/osfile_async_front.jsm:1548:28
@resource://gre/modules/osfile/osfile_async_front.jsm:1568:16
@resource://gre/modules/osfile.jsm:12:30
@resource://gre/modules/TelemetryStorage.jsm:19:28
promiseArchivePing@resource://gre/modules/TelemetryArchive.jsm:103:5
promiseArchivePing@resource://gre/modules/TelemetryArchive.jsm:63:33
_submitPingLogic@resource://gre/modules/TelemetryControllerParent.jsm:540:48
send@resource://gre/modules/TelemetryControllerParent.jsm:628:24
submitExternalPing@resource://gre/modules/TelemetryControllerParent.jsm:182:17
saveShutdownPings@resource://gre/modules/TelemetrySession.jsm:1014:36
shutdownChromeProcess/cleanup/<@resource://gre/modules/TelemetrySession.jsm:1232:20
cleanup@resource://gre/modules/TelemetrySession.jsm:1239:9
shutdownChromeProcess@resource://gre/modules/TelemetrySession.jsm:1256:14
shutdown@resource://gre/modules/TelemetrySession.jsm:247:17
_cleanupOnShutdown@resource://gre/modules/TelemetryControllerParent.jsm:959:35
observe@resource://gre/modules/AsyncShutdown.jsm:572:16

WARNING: A blocker encountered an error while we were waiting.
          Blocker:  TelemetryController: shutting down
          Phase: profile-before-change-telemetry
          State: Error getting state: Error: Phase "profile-before-change" is finished, it is too late to register completion condition "OS.File: flush I/O queued before profileBeforeChange" at addBlocker@resource://gre/modules/AsyncShutdown.jsm:718:15
addBlocker@resource://gre/modules/AsyncShutdown.jsm:523:26
addBlocker@resource://gre/modules/AsyncShutdown.jsm:462:15
setupShutdown@resource://gre/modules/osfile/osfile_async_front.jsm:1548:28
@resource://gre/modules/osfile/osfile_async_front.jsm:1568:16
@resource://gre/modules/osfile.jsm:12:30
@resource://gre/modules/TelemetryStorage.jsm:19:28
getShutdownState@resource://gre/modules/TelemetrySend.jsm:1692:7
getShutdownState@resource://gre/modules/TelemetrySend.jsm:374:30
_getState@resource://gre/modules/TelemetryControllerParent.jsm:1058:38
setupTelemetry/<@resource://gre/modules/TelemetryControllerParent.jsm:917:18
safeGetState@resource://gre/modules/AsyncShutdown.jsm:254:17
Barrier/_internalAddBlocker/promise<@resource://gre/modules/AsyncShutdown.jsm:773:20
observe@resource://gre/modules/AsyncShutdown.jsm:572:16

WARNING: Error: Phase "profile-before-change" is finished, it is too late to register completion condition "OS.File: flush I/O queued before profileBeforeChange"
WARNING: addBlocker@resource://gre/modules/AsyncShutdown.jsm:718:15
addBlocker@resource://gre/modules/AsyncShutdown.jsm:523:26
addBlocker@resource://gre/modules/AsyncShutdown.jsm:462:15
setupShutdown@resource://gre/modules/osfile/osfile_async_front.jsm:1548:28
@resource://gre/modules/osfile/osfile_async_front.jsm:1568:16
@resource://gre/modules/osfile.jsm:12:30
@resource://gre/modules/TelemetryStorage.jsm:19:28
removeAbortedSessionPing@resource://gre/modules/TelemetryControllerParent.jsm:721:5
removeAbortedSessionPing@resource://gre/modules/TelemetryControllerParent.jsm:249:17
shutdownChromeProcess/cleanup/<@resource://gre/modules/TelemetrySession.jsm:1235:42
observe@resource://gre/modules/AsyncShutdown.jsm:572:16

JavaScript error: resource://gre/modules/AsyncShutdown.jsm, line 718: Error: Phase "profile-before-change" is finished, it is too late to register completion condition "OS.File: flush I/O queued before profileBeforeChange"
JavaScript error: resource://gre/modules/AsyncShutdown.jsm, line 718: Error: Phase "profile-before-change" is finished, it is too late to register completion condition "OS.File: flush I/O queued before profileBeforeChange"
JavaScript error: resource://gre/modules/AsyncShutdown.jsm, line 718: Error: Phase "profile-before-change" is finished, it is too late to register completion condition "OS.File: flush I/O queued before profileBeforeChange"
JavaScript error: resource://gre/modules/AsyncShutdown.jsm, line 718: Error: Phase "profile-before-change" is finished, it is too late to register completion condition "OS.File: flush I/O queued before profileBeforeChange"
JavaScript error: resource://gre/modules/AsyncShutdown.jsm, line 718: Error: Phase "profile-before-change" is finished, it is too late to register completion condition "OS.File: flush I/O queued before profileBeforeChange"
JavaScript error: resource://gre/modules/AsyncShutdown.jsm, line 718: Error: Phase "profile-before-change" is finished, it is too late to register completion condition "OS.File: flush I/O queued before profileBeforeChange"
1682347971570	geckodriver	INFO	Listening on 127.0.0.1:57204
1682347974578	mozrunner::runner	INFO	Running command: "C:\\Program Files\\Mozilla Firefox\\firefox.exe" "--marionette" "--remote-debugging-port" "57205" "--remote-allow-hosts" "localhost" "-no-remote" "-profile" "C:\\Users\\ACER\\AppData\\Local\\Temp\\rust_mozprofileYxGSTI"
1682347975257	Marionette	INFO	Marionette enabled
Dynamically enable window occlusion 0
1682347975263	Marionette	INFO	Listening on port 57213
Read port: 57213
WebDriver BiDi listening on ws://127.0.0.1:57205
1682347975415	RemoteAgent	WARN	TLS certificate errors will be ignored for this session
console.warn: SearchSettings: "get: No settings file exists, new profile?" (new NotFoundError("Could not open the file at C:\\Users\\ACER\\AppData\\Local\\Temp\\rust_mozprofileYxGSTI\\search.json.mozlz4", (void 0)))
DevTools listening on ws://127.0.0.1:57205/devtools/browser/ee4414a4-f279-4239-8f78-caf4ddd55aa6
JavaScript warning: https://admin-demo.nopcommerce.com/cdn-cgi/challenge-platform/h/b/orchestrate/managed/v1?ray=7bcf2c4daf162301 line 1 > Function, line 3: WEBGL_debug_renderer_info is deprecated in Firefox and will be removed. Please use RENDERER.
JavaScript warning: https://challenges.cloudflare.com/cdn-cgi/challenge-platform/h/b/orchestrate/chl_api/v1?ray=7bcf2c545cea24b0 line 1 > Function, line 3: WEBGL_debug_renderer_info is deprecated in Firefox and will be removed. Please use RENDERER.
console.error: (new TypeError("lazy.AsyncShutdown.profileBeforeChange is undefined", "resource://services-settings/Database.jsm", 510))
JavaScript warning: https://admin-demo.nopcommerce.com/cdn-cgi/challenge-platform/h/b/orchestrate/managed/v1?ray=7bcf2ccf7a272dec line 1 > Function, line 3: WEBGL_debug_renderer_info is deprecated in Firefox and will be removed. Please use RENDERER.
JavaScript warning: https://challenges.cloudflare.com/cdn-cgi/challenge-platform/h/b/orchestrate/chl_api/v1?ray=7bcf2cd59a7077b6 line 1 > Function, line 3: WEBGL_debug_renderer_info is deprecated in Firefox and will be removed. Please use RENDERER.
console.error: (new TypeError("lazy.AsyncShutdown.profileBeforeChange is undefined", "resource://services-settings/Database.jsm", 510))
SourceActor threw an exception: [Exception... "Failed to open input source 'javascript:void(0);'"  nsresult: "0x80040111 (NS_ERROR_NOT_AVAILABLE)"  location: "JS frame :: resource://devtools/shared/DevToolsUtils.js :: mainThreadFetch/< :: line 676"  data: yes]
Stack: mainThreadFetch/<@resource://devtools/shared/DevToolsUtils.js:676:15
mainThreadFetch@resource://devtools/shared/DevToolsUtils.js:517:10
_fetchURLContents@resource://devtools/server/actors/utils/sources-manager.js:446:22
urlContents@resource://devtools/server/actors/utils/sources-manager.js:410:17
_resurrectSource@resource://devtools/server/actors/thread.js:2154:35
addAllSources@resource://devtools/server/actors/thread.js:1486:14
watch@resource://devtools/server/actors/resources/sources.js:78:17
watchResources@resource://devtools/server/actors/resources/index.js:302:19
addSessionDataEntry@resource://devtools/server/actors/targets/session-data-processors/resources.js:11:21
addSessionDataEntry@resource://devtools/server/actors/targets/target-actor-mixin.js:46:25
_addSessionDataEntry@resource://devtools/server/connectors/js-window-actor/DevToolsFrameChild.sys.mjs:530:24
receiveMessage@resource://devtools/server/connectors/js-window-actor/DevToolsFrameChild.sys.mjs:439:21
Line: 676, column: 0
console.error: ({})
JavaScript error: resource://devtools/shared/DevToolsUtils.js, line 676: NS_ERROR_NOT_AVAILABLE: Failed to open input source 'javascript:void(0);'
console.error: (new TypeError("parent is null", "resource://devtools/client/inspector/shared/style-change-tracker.js", 67))
TypeError: parent is null: canMutationImpactCurrentStyles@resource://devtools/client/inspector/shared/style-change-tracker.js:67:24
onMutations@resource://devtools/client/inspector/shared/style-change-tracker.js:84:41
_emit@resource://devtools/shared/event-emitter.js:242:32
emit@resource://devtools/shared/event-emitter.js:186:18
emit@resource://devtools/shared/event-emitter.js:330:18
getMutations@resource://devtools/client/fronts/walker.js:313:10

console.warn: "Async method failed in safeAsyncMethod" (new Error("Connection closed, pending request to server0.conn0.windowGlobal10737418241/customhighlighter77, type hide failed\n\nRequest stack:\nrequest@resource://devtools/shared/protocol/Front.js:300:14\ngenerateRequestMethods/</frontProto[name]@resource://devtools/shared/protocol/Front/FrontClassWithSpec.js:47:19\nhide@resource://devtools/client/fronts/highlighters.js:36:18\nexports.safeAsyncMethod/<@resource://devtools/shared/async-utils.js:61:25\nhideHighlighterType@resource://devtools/client/inspector/shared/highlighters-overlay.js:645:23\nexports.safeAsyncMethod/<@resource://devtools/shared/async-utils.js:61:25\n_beforeShowHighlighterTypeForNode@resource://devtools/client/inspector/shared/highlighters-overlay.js:361:22\nshowHighlighterTypeForNode@resource://devtools/client/inspector/shared/highlighters-overlay.js:548:26\nexports.safeAsyncMethod/<@resource://devtools/shared/async-utils.js:61:25\n_showBoxModel@resource://devtools/client/inspector/markup/markup.js:774:40\n_onNewSelection@resource://devtools/client/inspector/markup/markup.js:1045:29\n_emit@resource://devtools/shared/event-emitter.js:242:32\nemit@resource://devtools/shared/event-emitter.js:186:18\nemit@resource://devtools/shared/event-emitter.js:330:18\nsetNodeFront@resource://devtools/client/framework/selection.js:203:10\nonDetached@resource://devtools/client/inspector/inspector.js:1685:20\n_emit@resource://devtools/shared/event-emitter.js:242:32\nemit@resource://devtools/shared/event-emitter.js:186:18\nemit@resource://devtools/shared/event-emitter.js:330:18\nonTargetDestroyed@resource://devtools/client/framework/selection.js:161:12\n_onTargetDestroyed@resource://devtools/client/framework/toolbox.js:800:22\n_emit@resource://devtools/shared/event-emitter.js:242:32\nemit@resource://devtools/shared/event-emitter.js:186:18\nemit@resource://devtools/shared/event-emitter.js:330:18\n_onTargetDestroyed@resource://devtools/shared/commands/target/target-command.js:349:28\n_emit@resource://devtools/shared/event-emitter.js:242:32\nemit@resource://devtools/shared/event-emitter.js:186:18\nemit@resource://devtools/shared/event-emitter.js:330:18\n_onTargetDestroyed@resource://devtools/client/fronts/watcher.js:74:12\n_emit@resource://devtools/shared/event-emitter.js:242:32\nemit@resource://devtools/shared/event-emitter.js:186:18\nemit@resource://devtools/shared/event-emitter.js:330:18\nonPacket@resource://devtools/shared/protocol/Front.js:349:13\nonPacket@resource://devtools/client/devtools-client.js:488:13\nsend/<@resource://devtools/shared/transport/local-transport.js:67:25\nexports.makeInfallible/<@resource://devtools/shared/ThreadSafeDevToolsUtils.js:103:22\nexports.makeInfallible/<@resource://devtools/shared/ThreadSafeDevToolsUtils.js:103:22\n", "resource://devtools/shared/protocol/Front.js", 106))
JavaScript warning: https://admin-demo.nopcommerce.com/cdn-cgi/challenge-platform/h/b/orchestrate/managed/v1?ray=7bcf2d6f5b472dec line 1 > Function, line 3: WEBGL_debug_renderer_info is deprecated in Firefox and will be removed. Please use RENDERER.
console.error: "Error when attaching target:" (new Error("Connection closed, pending request to server0.conn0.windowGlobal6442450963/thread1, type isAttached failed\n\nRequest stack:\nrequest@resource://devtools/shared/protocol/Front.js:300:14\ngenerateRequestMethods/</frontProto[name]@resource://devtools/shared/protocol/Front/FrontClassWithSpec.js:47:19\nattachThread@resource://devtools/client/fronts/targets/target-mixin.js:566:49\n", "resource://devtools/shared/protocol/Front.js", 106))
Handler function threw an exception: [Exception... "Component returned failure code: 0x80040111 (NS_ERROR_NOT_AVAILABLE) [nsIDocShell.domWindow]"  nsresult: "0x80040111 (NS_ERROR_NOT_AVAILABLE)"  location: "JS frame :: resource://devtools/server/actors/targets/window-global.js :: watch :: line 1664"  data: no]
Stack: watch@resource://devtools/server/actors/targets/window-global.js:1664:28
_watchDocshells@resource://devtools/server/actors/targets/window-global.js:779:28
initialize/<@resource://devtools/server/actors/targets/window-global.js:348:42
exports.makeInfallible/<@resource://devtools/shared/ThreadSafeDevToolsUtils.js:103:22
Line: 1664, column: 0
console.error: ({})
Handler function threw an exception: [Exception... "Component returned failure code: 0x80040111 (NS_ERROR_NOT_AVAILABLE) [nsIDocShell.domWindow]"  nsresult: "0x80040111 (NS_ERROR_NOT_AVAILABLE)"  location: "JS frame :: resource://devtools/server/actors/targets/window-global.js :: get window :: line 422"  data: no]
Stack: get window@resource://devtools/server/actors/targets/window-global.js:422:5
form@resource://devtools/server/actors/source.js:206:1
onNewSourceEvent/<@resource://devtools/server/actors/thread.js:2051:24
exports.makeInfallible/<@resource://devtools/shared/ThreadSafeDevToolsUtils.js:103:22
Line: 422, column: 0
console.error: ({})
console.error: "Error while calling actor 'thread's method 'isAttached'" "JSWindowActorChild.sendAsyncMessage: JSWindowActorChild cannot send at the moment"
console.error: (new InvalidStateError("JSWindowActorChild.sendAsyncMessage: JSWindowActorChild cannot send at the moment", (void 0), 376))
JavaScript error: resource://devtools/server/actors/targets/window-global.js, line 1712: NS_ERROR_NOT_AVAILABLE: Component returned failure code: 0x80040111 (NS_ERROR_NOT_AVAILABLE) [nsIDocShell.domWindow]
JavaScript error: resource://devtools/server/actors/targets/window-global.js, line 422: NS_ERROR_NOT_AVAILABLE: Component returned failure code: 0x80040111 (NS_ERROR_NOT_AVAILABLE) [nsIDocShell.domWindow]
JavaScript error: resource://devtools/server/connectors/js-window-actor/DevToolsFrameChild.sys.mjs, line 376: InvalidStateError: JSWindowActorChild.sendAsyncMessage: JSWindowActorChild cannot send at the moment
JavaScript error: resource://devtools/server/actors/targets/window-global.js, line 422: NS_ERROR_NOT_AVAILABLE: Component returned failure code: 0x80040111 (NS_ERROR_NOT_AVAILABLE) [nsIDocShell.domWindow]
console.warn: "Listener for event 'frame' did not return a promise."
JavaScript warning: https://challenges.cloudflare.com/cdn-cgi/challenge-platform/h/b/orchestrate/chl_api/v1?ray=7bcf2d76683577b6 line 1 > Function, line 3: WEBGL_debug_renderer_info is deprecated in Firefox and will be removed. Please use RENDERER.
JavaScript error: resource://devtools/server/actors/targets/window-global.js, line 422: NS_ERROR_NOT_AVAILABLE: Component returned failure code: 0x80040111 (NS_ERROR_NOT_AVAILABLE) [nsIDocShell.domWindow]
JavaScript error: resource://gre/modules/AsyncShutdown.jsm, line 572: NotFoundError: No such JSWindowActor 'DevToolsFrame'
JavaScript error: resource://gre/modules/AsyncShutdown.jsm, line 572: NotFoundError: No such JSWindowActor 'DevToolsFrame'
1682348029055	Marionette	INFO	Stopped listening on port 57213
Dynamically enable window occlusion 1
WARNING: A blocker encountered an error while we were waiting.
          Blocker:  Waiting for ping task
          Phase: TelemetryController: Waiting for pending ping activity
          State: (none)
WARNING: Error: Phase "profile-before-change" is finished, it is too late to register completion condition "OS.File: flush I/O queued before profileBeforeChange"
WARNING: addBlocker@resource://gre/modules/AsyncShutdown.jsm:718:15
addBlocker@resource://gre/modules/AsyncShutdown.jsm:523:26
addBlocker@resource://gre/modules/AsyncShutdown.jsm:462:15
setupShutdown@resource://gre/modules/osfile/osfile_async_front.jsm:1548:28
@resource://gre/modules/osfile/osfile_async_front.jsm:1568:16
@resource://gre/modules/osfile.jsm:12:30
@resource://gre/modules/TelemetryStorage.jsm:19:28
promiseArchivePing@resource://gre/modules/TelemetryArchive.jsm:103:5
promiseArchivePing@resource://gre/modules/TelemetryArchive.jsm:63:33
_submitPingLogic@resource://gre/modules/TelemetryControllerParent.jsm:540:48
send@resource://gre/modules/TelemetryControllerParent.jsm:628:24
submitExternalPing@resource://gre/modules/TelemetryControllerParent.jsm:182:17
sendPing@resource://gre/modules/EventPing.jsm:51:30
_submitPing@resource://gre/modules/EventPing.jsm:229:12
shutdown@resource://gre/modules/EventPing.jsm:112:10
_cleanupOnShutdown@resource://gre/modules/TelemetryControllerParent.jsm:940:31
shutdown/<@resource://gre/modules/TelemetryControllerParent.jsm:1010:24
observe@resource://gre/modules/AsyncShutdown.jsm:572:16

WARNING: A blocker encountered an error while we were waiting.
          Blocker:  Waiting for ping task
          Phase: TelemetryController: Waiting for pending ping activity
          State: (none)
WARNING: Error: Phase "profile-before-change" is finished, it is too late to register completion condition "OS.File: flush I/O queued before profileBeforeChange"
WARNING: addBlocker@resource://gre/modules/AsyncShutdown.jsm:718:15
addBlocker@resource://gre/modules/AsyncShutdown.jsm:523:26
addBlocker@resource://gre/modules/AsyncShutdown.jsm:462:15
setupShutdown@resource://gre/modules/osfile/osfile_async_front.jsm:1548:28
@resource://gre/modules/osfile/osfile_async_front.jsm:1568:16
@resource://gre/modules/osfile.jsm:12:30
@resource://gre/modules/TelemetryStorage.jsm:19:28
promiseArchivePing@resource://gre/modules/TelemetryArchive.jsm:103:5
promiseArchivePing@resource://gre/modules/TelemetryArchive.jsm:63:33
_submitPingLogic@resource://gre/modules/TelemetryControllerParent.jsm:540:48
send@resource://gre/modules/TelemetryControllerParent.jsm:628:24
submitExternalPing@resource://gre/modules/TelemetryControllerParent.jsm:182:17
saveShutdownPings@resource://gre/modules/TelemetrySession.jsm:982:34
shutdownChromeProcess/cleanup/<@resource://gre/modules/TelemetrySession.jsm:1232:20
cleanup@resource://gre/modules/TelemetrySession.jsm:1239:9
shutdownChromeProcess@resource://gre/modules/TelemetrySession.jsm:1256:14
shutdown@resource://gre/modules/TelemetrySession.jsm:247:17
_cleanupOnShutdown@resource://gre/modules/TelemetryControllerParent.jsm:959:35
observe@resource://gre/modules/AsyncShutdown.jsm:572:16

WARNING: A blocker encountered an error while we were waiting.
          Blocker:  Waiting for ping task
          Phase: TelemetryController: Waiting for pending ping activity
          State: (none)
WARNING: Error: Phase "profile-before-change" is finished, it is too late to register completion condition "OS.File: flush I/O queued before profileBeforeChange"
WARNING: addBlocker@resource://gre/modules/AsyncShutdown.jsm:718:15
addBlocker@resource://gre/modules/AsyncShutdown.jsm:523:26
addBlocker@resource://gre/modules/AsyncShutdown.jsm:462:15
setupShutdown@resource://gre/modules/osfile/osfile_async_front.jsm:1548:28
@resource://gre/modules/osfile/osfile_async_front.jsm:1568:16
@resource://gre/modules/osfile.jsm:12:30
@resource://gre/modules/TelemetryStorage.jsm:19:28
promiseArchivePing@resource://gre/modules/TelemetryArchive.jsm:103:5
promiseArchivePing@resource://gre/modules/TelemetryArchive.jsm:63:33
_submitPingLogic@resource://gre/modules/TelemetryControllerParent.jsm:540:48
send@resource://gre/modules/TelemetryControllerParent.jsm:628:24
submitExternalPing@resource://gre/modules/TelemetryControllerParent.jsm:182:17
saveShutdownPings@resource://gre/modules/TelemetrySession.jsm:1014:36
shutdownChromeProcess/cleanup/<@resource://gre/modules/TelemetrySession.jsm:1232:20
cleanup@resource://gre/modules/TelemetrySession.jsm:1239:9
shutdownChromeProcess@resource://gre/modules/TelemetrySession.jsm:1256:14
shutdown@resource://gre/modules/TelemetrySession.jsm:247:17
_cleanupOnShutdown@resource://gre/modules/TelemetryControllerParent.jsm:959:35
observe@resource://gre/modules/AsyncShutdown.jsm:572:16

WARNING: A blocker encountered an error while we were waiting.
          Blocker:  TelemetryController: shutting down
          Phase: profile-before-change-telemetry
          State: Error getting state: Error: Phase "profile-before-change" is finished, it is too late to register completion condition "OS.File: flush I/O queued before profileBeforeChange" at addBlocker@resource://gre/modules/AsyncShutdown.jsm:718:15
addBlocker@resource://gre/modules/AsyncShutdown.jsm:523:26
addBlocker@resource://gre/modules/AsyncShutdown.jsm:462:15
setupShutdown@resource://gre/modules/osfile/osfile_async_front.jsm:1548:28
@resource://gre/modules/osfile/osfile_async_front.jsm:1568:16
@resource://gre/modules/osfile.jsm:12:30
@resource://gre/modules/TelemetryStorage.jsm:19:28
getShutdownState@resource://gre/modules/TelemetrySend.jsm:1692:7
getShutdownState@resource://gre/modules/TelemetrySend.jsm:374:30
_getState@resource://gre/modules/TelemetryControllerParent.jsm:1058:38
setupTelemetry/<@resource://gre/modules/TelemetryControllerParent.jsm:917:18
safeGetState@resource://gre/modules/AsyncShutdown.jsm:254:17
Barrier/_internalAddBlocker/promise<@resource://gre/modules/AsyncShutdown.jsm:773:20
observe@resource://gre/modules/AsyncShutdown.jsm:572:16

WARNING: Error: Phase "profile-before-change" is finished, it is too late to register completion condition "OS.File: flush I/O queued before profileBeforeChange"
WARNING: addBlocker@resource://gre/modules/AsyncShutdown.jsm:718:15
addBlocker@resource://gre/modules/AsyncShutdown.jsm:523:26
addBlocker@resource://gre/modules/AsyncShutdown.jsm:462:15
setupShutdown@resource://gre/modules/osfile/osfile_async_front.jsm:1548:28
@resource://gre/modules/osfile/osfile_async_front.jsm:1568:16
@resource://gre/modules/osfile.jsm:12:30
@resource://gre/modules/TelemetryStorage.jsm:19:28
removeAbortedSessionPing@resource://gre/modules/TelemetryControllerParent.jsm:721:5
removeAbortedSessionPing@resource://gre/modules/TelemetryControllerParent.jsm:249:17
shutdownChromeProcess/cleanup/<@resource://gre/modules/TelemetrySession.jsm:1235:42
observe@resource://gre/modules/AsyncShutdown.jsm:572:16

JavaScript error: resource://gre/modules/AsyncShutdown.jsm, line 718: Error: Phase "profile-before-change" is finished, it is too late to register completion condition "OS.File: flush I/O queued before profileBeforeChange"
JavaScript error: resource://gre/modules/AsyncShutdown.jsm, line 718: Error: Phase "profile-before-change" is finished, it is too late to register completion condition "OS.File: flush I/O queued before profileBeforeChange"
JavaScript error: resource://gre/modules/AsyncShutdown.jsm, line 718: Error: Phase "profile-before-change" is finished, it is too late to register completion condition "OS.File: flush I/O queued before profileBeforeChange"
JavaScript error: resource://gre/modules/AsyncShutdown.jsm, line 718: Error: Phase "profile-before-change" is finished, it is too late to register completion condition "OS.File: flush I/O queued before profileBeforeChange"
JavaScript error: resource://gre/modules/AsyncShutdown.jsm, line 718: Error: Phase "profile-before-change" is finished, it is too late to register completion condition "OS.File: flush I/O queued before profileBeforeChange"
JavaScript error: resource://gre/modules/AsyncShutdown.jsm, line 718: Error: Phase "profile-before-change" is finished, it is too late to register completion condition "OS.File: flush I/O queued before profileBeforeChange"
